2023-08-31 16:44:19,334 - root - INFO - Namespace(Ks='[5, 10, 15, 20, 25]', data_dir='datasets/', data_name='classical', embed_dim=64, evaluate_every=10, l2loss_lambda=1e-05, lr=0.0001, n_epoch=1000, pretrain_embedding_dir='datasets/pretrain/', pretrain_model_path='trained_model/model.pth', print_every=100, save_dir='trained_model/BPRMF/classical/embed-dim64_lr0.0001_pretrain0/', seed=2019, stopping_steps=10, test_batch_size=10000, train_batch_size=1024, use_pretrain=0)
2023-08-31 16:44:19,688 - root - INFO - n_users:     57558
2023-08-31 16:44:19,688 - root - INFO - n_items:     121
2023-08-31 16:44:19,695 - root - INFO - n_cf_train:  186332
2023-08-31 16:44:19,695 - root - INFO - n_cf_test:   15558
2023-08-31 16:44:20,641 - root - INFO - BPRMF(
  (user_embed): Embedding(57558, 64)
  (item_embed): Embedding(121, 64)
)
2023-08-31 16:44:22,177 - root - INFO - CF Training: Epoch 0001 Iter 0100 / 0182 | Time 0.0s | Iter Loss 0.6923 | Iter Mean Loss 0.6927
2023-08-31 16:44:23,449 - root - INFO - CF Training: Epoch 0001 Total Iter 0182 | Total Time 2.8s | Iter Mean Loss 0.6922
2023-08-31 16:44:25,006 - root - INFO - CF Training: Epoch 0002 Iter 0100 / 0182 | Time 0.0s | Iter Loss 0.6891 | Iter Mean Loss 0.6901
2023-08-31 16:44:26,286 - root - INFO - CF Training: Epoch 0002 Total Iter 0182 | Total Time 2.8s | Iter Mean Loss 0.6893
2023-08-31 16:44:27,905 - root - INFO - CF Training: Epoch 0003 Iter 0100 / 0182 | Time 0.0s | Iter Loss 0.6853 | Iter Mean Loss 0.6863
2023-08-31 16:44:29,216 - root - INFO - CF Training: Epoch 0003 Total Iter 0182 | Total Time 2.9s | Iter Mean Loss 0.6852
2023-08-31 16:44:30,844 - root - INFO - CF Training: Epoch 0004 Iter 0100 / 0182 | Time 0.0s | Iter Loss 0.6792 | Iter Mean Loss 0.6810
2023-08-31 16:44:32,189 - root - INFO - CF Training: Epoch 0004 Total Iter 0182 | Total Time 3.0s | Iter Mean Loss 0.6795
2023-08-31 16:44:33,803 - root - INFO - CF Training: Epoch 0005 Iter 0100 / 0182 | Time 0.0s | Iter Loss 0.6715 | Iter Mean Loss 0.6739
2023-08-31 16:44:35,130 - root - INFO - CF Training: Epoch 0005 Total Iter 0182 | Total Time 2.9s | Iter Mean Loss 0.6719
2023-08-31 16:44:36,702 - root - INFO - CF Training: Epoch 0006 Iter 0100 / 0182 | Time 0.0s | Iter Loss 0.6628 | Iter Mean Loss 0.6649
2023-08-31 16:44:38,012 - root - INFO - CF Training: Epoch 0006 Total Iter 0182 | Total Time 2.9s | Iter Mean Loss 0.6626
2023-08-31 16:44:39,667 - root - INFO - CF Training: Epoch 0007 Iter 0100 / 0182 | Time 0.0s | Iter Loss 0.6506 | Iter Mean Loss 0.6536
2023-08-31 16:44:40,974 - root - INFO - CF Training: Epoch 0007 Total Iter 0182 | Total Time 3.0s | Iter Mean Loss 0.6508
2023-08-31 16:44:42,518 - root - INFO - CF Training: Epoch 0008 Iter 0100 / 0182 | Time 0.0s | Iter Loss 0.6361 | Iter Mean Loss 0.6408
2023-08-31 16:44:43,800 - root - INFO - CF Training: Epoch 0008 Total Iter 0182 | Total Time 2.8s | Iter Mean Loss 0.6375
2023-08-31 16:44:45,368 - root - INFO - CF Training: Epoch 0009 Iter 0100 / 0182 | Time 0.0s | Iter Loss 0.6227 | Iter Mean Loss 0.6260
2023-08-31 16:44:46,650 - root - INFO - CF Training: Epoch 0009 Total Iter 0182 | Total Time 2.8s | Iter Mean Loss 0.6224
2023-08-31 16:44:48,242 - root - INFO - CF Training: Epoch 0010 Iter 0100 / 0182 | Time 0.0s | Iter Loss 0.6057 | Iter Mean Loss 0.6099
2023-08-31 16:44:49,505 - root - INFO - CF Training: Epoch 0010 Total Iter 0182 | Total Time 2.9s | Iter Mean Loss 0.6060
2023-08-31 16:44:50,280 - root - INFO - CF Evaluation: Epoch 0010 | Total Time 0.8s | Precision [0.0570, 0.0362], Recall [0.1378, 0.4260], NDCG [0.1038, 0.1959]
2023-08-31 16:44:50,293 - root - INFO - Save model on epoch 0010!
2023-08-31 16:44:51,851 - root - INFO - CF Training: Epoch 0011 Iter 0100 / 0182 | Time 0.0s | Iter Loss 0.5876 | Iter Mean Loss 0.5923
2023-08-31 16:44:53,139 - root - INFO - CF Training: Epoch 0011 Total Iter 0182 | Total Time 2.8s | Iter Mean Loss 0.5881
2023-08-31 16:44:54,701 - root - INFO - CF Training: Epoch 0012 Iter 0100 / 0182 | Time 0.0s | Iter Loss 0.5697 | Iter Mean Loss 0.5739
2023-08-31 16:44:55,983 - root - INFO - CF Training: Epoch 0012 Total Iter 0182 | Total Time 2.8s | Iter Mean Loss 0.5695
2023-08-31 16:44:57,520 - root - INFO - CF Training: Epoch 0013 Iter 0100 / 0182 | Time 0.0s | Iter Loss 0.5499 | Iter Mean Loss 0.5544
2023-08-31 16:44:59,766 - root - INFO - CF Training: Epoch 0013 Total Iter 0182 | Total Time 3.8s | Iter Mean Loss 0.5503
2023-08-31 16:45:04,889 - root - INFO - CF Training: Epoch 0014 Iter 0100 / 0182 | Time 0.2s | Iter Loss 0.5338 | Iter Mean Loss 0.5352
2023-08-31 16:45:14,795 - root - INFO - CF Training: Epoch 0014 Total Iter 0182 | Total Time 15.0s | Iter Mean Loss 0.5307
2023-08-31 16:45:16,720 - root - INFO - CF Training: Epoch 0015 Iter 0100 / 0182 | Time 0.0s | Iter Loss 0.5069 | Iter Mean Loss 0.5158
2023-08-31 16:45:18,008 - root - INFO - CF Training: Epoch 0015 Total Iter 0182 | Total Time 3.2s | Iter Mean Loss 0.5113
2023-08-31 16:45:19,591 - root - INFO - CF Training: Epoch 0016 Iter 0100 / 0182 | Time 0.0s | Iter Loss 0.4958 | Iter Mean Loss 0.4958
2023-08-31 16:45:20,874 - root - INFO - CF Training: Epoch 0016 Total Iter 0182 | Total Time 2.9s | Iter Mean Loss 0.4913
2023-08-31 16:45:22,439 - root - INFO - CF Training: Epoch 0017 Iter 0100 / 0182 | Time 0.0s | Iter Loss 0.4727 | Iter Mean Loss 0.4766
2023-08-31 16:45:23,716 - root - INFO - CF Training: Epoch 0017 Total Iter 0182 | Total Time 2.8s | Iter Mean Loss 0.4718
2023-08-31 16:45:25,248 - root - INFO - CF Training: Epoch 0018 Iter 0100 / 0182 | Time 0.0s | Iter Loss 0.4564 | Iter Mean Loss 0.4571
2023-08-31 16:45:26,542 - root - INFO - CF Training: Epoch 0018 Total Iter 0182 | Total Time 2.8s | Iter Mean Loss 0.4528
2023-08-31 16:45:28,070 - root - INFO - CF Training: Epoch 0019 Iter 0100 / 0182 | Time 0.0s | Iter Loss 0.4275 | Iter Mean Loss 0.4384
2023-08-31 16:45:29,342 - root - INFO - CF Training: Epoch 0019 Total Iter 0182 | Total Time 2.8s | Iter Mean Loss 0.4346
2023-08-31 16:45:30,960 - root - INFO - CF Training: Epoch 0020 Iter 0100 / 0182 | Time 0.0s | Iter Loss 0.4128 | Iter Mean Loss 0.4203
2023-08-31 16:45:32,260 - root - INFO - CF Training: Epoch 0020 Total Iter 0182 | Total Time 2.9s | Iter Mean Loss 0.4162
2023-08-31 16:45:32,463 - root - INFO - CF Evaluation: Epoch 0020 | Total Time 0.2s | Precision [0.0635, 0.0440], Recall [0.1525, 0.5176], NDCG [0.1158, 0.2316]
2023-08-31 16:45:32,482 - root - INFO - Save model on epoch 0020!
2023-08-31 16:45:34,040 - root - INFO - CF Training: Epoch 0021 Iter 0100 / 0182 | Time 0.0s | Iter Loss 0.3991 | Iter Mean Loss 0.4026
2023-08-31 16:45:35,290 - root - INFO - CF Training: Epoch 0021 Total Iter 0182 | Total Time 2.8s | Iter Mean Loss 0.3986
2023-08-31 16:45:36,847 - root - INFO - CF Training: Epoch 0022 Iter 0100 / 0182 | Time 0.0s | Iter Loss 0.3751 | Iter Mean Loss 0.3859
2023-08-31 16:45:38,160 - root - INFO - CF Training: Epoch 0022 Total Iter 0182 | Total Time 2.9s | Iter Mean Loss 0.3823
2023-08-31 16:45:39,704 - root - INFO - CF Training: Epoch 0023 Iter 0100 / 0182 | Time 0.0s | Iter Loss 0.3577 | Iter Mean Loss 0.3690
2023-08-31 16:45:40,967 - root - INFO - CF Training: Epoch 0023 Total Iter 0182 | Total Time 2.8s | Iter Mean Loss 0.3659
2023-08-31 16:45:42,523 - root - INFO - CF Training: Epoch 0024 Iter 0100 / 0182 | Time 0.0s | Iter Loss 0.3499 | Iter Mean Loss 0.3541
2023-08-31 16:45:43,809 - root - INFO - CF Training: Epoch 0024 Total Iter 0182 | Total Time 2.8s | Iter Mean Loss 0.3507
2023-08-31 16:45:45,352 - root - INFO - CF Training: Epoch 0025 Iter 0100 / 0182 | Time 0.0s | Iter Loss 0.3271 | Iter Mean Loss 0.3383
2023-08-31 16:45:46,652 - root - INFO - CF Training: Epoch 0025 Total Iter 0182 | Total Time 2.8s | Iter Mean Loss 0.3352
2023-08-31 16:45:48,242 - root - INFO - CF Training: Epoch 0026 Iter 0100 / 0182 | Time 0.0s | Iter Loss 0.3278 | Iter Mean Loss 0.3244
2023-08-31 16:45:49,631 - root - INFO - CF Training: Epoch 0026 Total Iter 0182 | Total Time 3.0s | Iter Mean Loss 0.3209
2023-08-31 16:45:51,215 - root - INFO - CF Training: Epoch 0027 Iter 0100 / 0182 | Time 0.0s | Iter Loss 0.3041 | Iter Mean Loss 0.3109
2023-08-31 16:45:52,521 - root - INFO - CF Training: Epoch 0027 Total Iter 0182 | Total Time 2.9s | Iter Mean Loss 0.3081
2023-08-31 16:45:54,041 - root - INFO - CF Training: Epoch 0028 Iter 0100 / 0182 | Time 0.0s | Iter Loss 0.2925 | Iter Mean Loss 0.2982
2023-08-31 16:45:55,277 - root - INFO - CF Training: Epoch 0028 Total Iter 0182 | Total Time 2.8s | Iter Mean Loss 0.2956
2023-08-31 16:45:56,893 - root - INFO - CF Training: Epoch 0029 Iter 0100 / 0182 | Time 0.0s | Iter Loss 0.2743 | Iter Mean Loss 0.2863
2023-08-31 16:45:58,178 - root - INFO - CF Training: Epoch 0029 Total Iter 0182 | Total Time 2.9s | Iter Mean Loss 0.2837
2023-08-31 16:45:59,729 - root - INFO - CF Training: Epoch 0030 Iter 0100 / 0182 | Time 0.0s | Iter Loss 0.2646 | Iter Mean Loss 0.2742
2023-08-31 16:46:00,976 - root - INFO - CF Training: Epoch 0030 Total Iter 0182 | Total Time 2.8s | Iter Mean Loss 0.2714
2023-08-31 16:46:01,174 - root - INFO - CF Evaluation: Epoch 0030 | Total Time 0.2s | Precision [0.0660, 0.0456], Recall [0.1593, 0.5387], NDCG [0.1205, 0.2409]
2023-08-31 16:46:01,190 - root - INFO - Save model on epoch 0030!
2023-08-31 16:46:02,732 - root - INFO - CF Training: Epoch 0031 Iter 0100 / 0182 | Time 0.0s | Iter Loss 0.2603 | Iter Mean Loss 0.2630
2023-08-31 16:46:04,962 - root - INFO - CF Training: Epoch 0031 Total Iter 0182 | Total Time 3.8s | Iter Mean Loss 0.2611
2023-08-31 16:46:11,464 - root - INFO - CF Training: Epoch 0032 Iter 0100 / 0182 | Time 0.0s | Iter Loss 0.2520 | Iter Mean Loss 0.2524
2023-08-31 16:46:20,407 - root - INFO - CF Training: Epoch 0032 Total Iter 0182 | Total Time 15.4s | Iter Mean Loss 0.2505
2023-08-31 16:46:22,048 - root - INFO - CF Training: Epoch 0033 Iter 0100 / 0182 | Time 0.0s | Iter Loss 0.2288 | Iter Mean Loss 0.2425
2023-08-31 16:46:23,317 - root - INFO - CF Training: Epoch 0033 Total Iter 0182 | Total Time 2.9s | Iter Mean Loss 0.2406
2023-08-31 16:46:24,863 - root - INFO - CF Training: Epoch 0034 Iter 0100 / 0182 | Time 0.0s | Iter Loss 0.2355 | Iter Mean Loss 0.2337
2023-08-31 16:46:26,146 - root - INFO - CF Training: Epoch 0034 Total Iter 0182 | Total Time 2.8s | Iter Mean Loss 0.2310
2023-08-31 16:46:27,689 - root - INFO - CF Training: Epoch 0035 Iter 0100 / 0182 | Time 0.0s | Iter Loss 0.2234 | Iter Mean Loss 0.2242
2023-08-31 16:46:29,001 - root - INFO - CF Training: Epoch 0035 Total Iter 0182 | Total Time 2.9s | Iter Mean Loss 0.2219
2023-08-31 16:46:30,558 - root - INFO - CF Training: Epoch 0036 Iter 0100 / 0182 | Time 0.0s | Iter Loss 0.2075 | Iter Mean Loss 0.2151
2023-08-31 16:46:31,862 - root - INFO - CF Training: Epoch 0036 Total Iter 0182 | Total Time 2.9s | Iter Mean Loss 0.2131
2023-08-31 16:46:33,445 - root - INFO - CF Training: Epoch 0037 Iter 0100 / 0182 | Time 0.0s | Iter Loss 0.2036 | Iter Mean Loss 0.2074
2023-08-31 16:46:34,722 - root - INFO - CF Training: Epoch 0037 Total Iter 0182 | Total Time 2.9s | Iter Mean Loss 0.2054
2023-08-31 16:46:36,347 - root - INFO - CF Training: Epoch 0038 Iter 0100 / 0182 | Time 0.0s | Iter Loss 0.1909 | Iter Mean Loss 0.1997
2023-08-31 16:46:37,667 - root - INFO - CF Training: Epoch 0038 Total Iter 0182 | Total Time 2.9s | Iter Mean Loss 0.1985
2023-08-31 16:46:39,278 - root - INFO - CF Training: Epoch 0039 Iter 0100 / 0182 | Time 0.0s | Iter Loss 0.1846 | Iter Mean Loss 0.1926
2023-08-31 16:46:40,615 - root - INFO - CF Training: Epoch 0039 Total Iter 0182 | Total Time 2.9s | Iter Mean Loss 0.1909
2023-08-31 16:46:42,181 - root - INFO - CF Training: Epoch 0040 Iter 0100 / 0182 | Time 0.0s | Iter Loss 0.1834 | Iter Mean Loss 0.1838
2023-08-31 16:46:43,435 - root - INFO - CF Training: Epoch 0040 Total Iter 0182 | Total Time 2.8s | Iter Mean Loss 0.1829
2023-08-31 16:46:43,631 - root - INFO - CF Evaluation: Epoch 0040 | Total Time 0.2s | Precision [0.0667, 0.0462], Recall [0.1601, 0.5443], NDCG [0.1222, 0.2442]
2023-08-31 16:46:43,646 - root - INFO - Save model on epoch 0040!
2023-08-31 16:46:45,218 - root - INFO - CF Training: Epoch 0041 Iter 0100 / 0182 | Time 0.0s | Iter Loss 0.1857 | Iter Mean Loss 0.1802
2023-08-31 16:46:46,488 - root - INFO - CF Training: Epoch 0041 Total Iter 0182 | Total Time 2.8s | Iter Mean Loss 0.1785
2023-08-31 16:46:48,070 - root - INFO - CF Training: Epoch 0042 Iter 0100 / 0182 | Time 0.0s | Iter Loss 0.1673 | Iter Mean Loss 0.1730
2023-08-31 16:46:49,321 - root - INFO - CF Training: Epoch 0042 Total Iter 0182 | Total Time 2.8s | Iter Mean Loss 0.1711
2023-08-31 16:46:50,882 - root - INFO - CF Training: Epoch 0043 Iter 0100 / 0182 | Time 0.0s | Iter Loss 0.1708 | Iter Mean Loss 0.1672
2023-08-31 16:46:52,211 - root - INFO - CF Training: Epoch 0043 Total Iter 0182 | Total Time 2.9s | Iter Mean Loss 0.1660
2023-08-31 16:46:53,778 - root - INFO - CF Training: Epoch 0044 Iter 0100 / 0182 | Time 0.0s | Iter Loss 0.1502 | Iter Mean Loss 0.1611
2023-08-31 16:46:55,052 - root - INFO - CF Training: Epoch 0044 Total Iter 0182 | Total Time 2.8s | Iter Mean Loss 0.1598
2023-08-31 16:46:56,632 - root - INFO - CF Training: Epoch 0045 Iter 0100 / 0182 | Time 0.0s | Iter Loss 0.1557 | Iter Mean Loss 0.1559
2023-08-31 16:46:57,947 - root - INFO - CF Training: Epoch 0045 Total Iter 0182 | Total Time 2.9s | Iter Mean Loss 0.1548
2023-08-31 16:46:59,498 - root - INFO - CF Training: Epoch 0046 Iter 0100 / 0182 | Time 0.0s | Iter Loss 0.1542 | Iter Mean Loss 0.1508
2023-08-31 16:47:00,763 - root - INFO - CF Training: Epoch 0046 Total Iter 0182 | Total Time 2.8s | Iter Mean Loss 0.1500
2023-08-31 16:47:02,249 - root - INFO - CF Training: Epoch 0047 Iter 0100 / 0182 | Time 0.0s | Iter Loss 0.1614 | Iter Mean Loss 0.1460
2023-08-31 16:47:03,471 - root - INFO - CF Training: Epoch 0047 Total Iter 0182 | Total Time 2.7s | Iter Mean Loss 0.1448
2023-08-31 16:47:04,980 - root - INFO - CF Training: Epoch 0048 Iter 0100 / 0182 | Time 0.0s | Iter Loss 0.1428 | Iter Mean Loss 0.1411
2023-08-31 16:47:06,264 - root - INFO - CF Training: Epoch 0048 Total Iter 0182 | Total Time 2.8s | Iter Mean Loss 0.1402
2023-08-31 16:47:07,808 - root - INFO - CF Training: Epoch 0049 Iter 0100 / 0182 | Time 0.0s | Iter Loss 0.1338 | Iter Mean Loss 0.1365
2023-08-31 16:47:09,900 - root - INFO - CF Training: Epoch 0049 Total Iter 0182 | Total Time 3.6s | Iter Mean Loss 0.1356
2023-08-31 16:47:16,978 - root - INFO - CF Training: Epoch 0050 Iter 0100 / 0182 | Time 0.2s | Iter Loss 0.1273 | Iter Mean Loss 0.1317
2023-08-31 16:47:25,832 - root - INFO - CF Training: Epoch 0050 Total Iter 0182 | Total Time 15.9s | Iter Mean Loss 0.1312
2023-08-31 16:47:26,035 - root - INFO - CF Evaluation: Epoch 0050 | Total Time 0.2s | Precision [0.0679, 0.0464], Recall [0.1633, 0.5467], NDCG [0.1239, 0.2459]
2023-08-31 16:47:26,050 - root - INFO - Save model on epoch 0050!
2023-08-31 16:47:27,645 - root - INFO - CF Training: Epoch 0051 Iter 0100 / 0182 | Time 0.0s | Iter Loss 0.1253 | Iter Mean Loss 0.1287
2023-08-31 16:47:28,953 - root - INFO - CF Training: Epoch 0051 Total Iter 0182 | Total Time 2.9s | Iter Mean Loss 0.1280
2023-08-31 16:47:30,539 - root - INFO - CF Training: Epoch 0052 Iter 0100 / 0182 | Time 0.0s | Iter Loss 0.1192 | Iter Mean Loss 0.1243
2023-08-31 16:47:31,765 - root - INFO - CF Training: Epoch 0052 Total Iter 0182 | Total Time 2.8s | Iter Mean Loss 0.1232
2023-08-31 16:47:33,250 - root - INFO - CF Training: Epoch 0053 Iter 0100 / 0182 | Time 0.0s | Iter Loss 0.1249 | Iter Mean Loss 0.1211
2023-08-31 16:47:34,557 - root - INFO - CF Training: Epoch 0053 Total Iter 0182 | Total Time 2.8s | Iter Mean Loss 0.1198
2023-08-31 16:47:36,120 - root - INFO - CF Training: Epoch 0054 Iter 0100 / 0182 | Time 0.0s | Iter Loss 0.1091 | Iter Mean Loss 0.1174
2023-08-31 16:47:37,372 - root - INFO - CF Training: Epoch 0054 Total Iter 0182 | Total Time 2.8s | Iter Mean Loss 0.1165
2023-08-31 16:47:38,858 - root - INFO - CF Training: Epoch 0055 Iter 0100 / 0182 | Time 0.0s | Iter Loss 0.1151 | Iter Mean Loss 0.1148
2023-08-31 16:47:40,082 - root - INFO - CF Training: Epoch 0055 Total Iter 0182 | Total Time 2.7s | Iter Mean Loss 0.1142
2023-08-31 16:47:41,646 - root - INFO - CF Training: Epoch 0056 Iter 0100 / 0182 | Time 0.0s | Iter Loss 0.1038 | Iter Mean Loss 0.1103
2023-08-31 16:47:42,949 - root - INFO - CF Training: Epoch 0056 Total Iter 0182 | Total Time 2.9s | Iter Mean Loss 0.1099
2023-08-31 16:47:44,551 - root - INFO - CF Training: Epoch 0057 Iter 0100 / 0182 | Time 0.0s | Iter Loss 0.1084 | Iter Mean Loss 0.1078
2023-08-31 16:47:45,864 - root - INFO - CF Training: Epoch 0057 Total Iter 0182 | Total Time 2.9s | Iter Mean Loss 0.1073
2023-08-31 16:47:47,489 - root - INFO - CF Training: Epoch 0058 Iter 0100 / 0182 | Time 0.0s | Iter Loss 0.1103 | Iter Mean Loss 0.1046
2023-08-31 16:47:48,809 - root - INFO - CF Training: Epoch 0058 Total Iter 0182 | Total Time 2.9s | Iter Mean Loss 0.1047
2023-08-31 16:47:50,448 - root - INFO - CF Training: Epoch 0059 Iter 0100 / 0182 | Time 0.0s | Iter Loss 0.1004 | Iter Mean Loss 0.1024
2023-08-31 16:47:51,835 - root - INFO - CF Training: Epoch 0059 Total Iter 0182 | Total Time 3.0s | Iter Mean Loss 0.1015
2023-08-31 16:47:53,463 - root - INFO - CF Training: Epoch 0060 Iter 0100 / 0182 | Time 0.0s | Iter Loss 0.1017 | Iter Mean Loss 0.1000
2023-08-31 16:47:54,855 - root - INFO - CF Training: Epoch 0060 Total Iter 0182 | Total Time 3.0s | Iter Mean Loss 0.0989
2023-08-31 16:47:55,059 - root - INFO - CF Evaluation: Epoch 0060 | Total Time 0.2s | Precision [0.0687, 0.0462], Recall [0.1666, 0.5433], NDCG [0.1259, 0.2461]
2023-08-31 16:47:55,074 - root - INFO - Save model on epoch 0060!
2023-08-31 16:47:56,651 - root - INFO - CF Training: Epoch 0061 Iter 0100 / 0182 | Time 0.0s | Iter Loss 0.1036 | Iter Mean Loss 0.0979
2023-08-31 16:47:57,974 - root - INFO - CF Training: Epoch 0061 Total Iter 0182 | Total Time 2.9s | Iter Mean Loss 0.0968
2023-08-31 16:47:59,570 - root - INFO - CF Training: Epoch 0062 Iter 0100 / 0182 | Time 0.0s | Iter Loss 0.0952 | Iter Mean Loss 0.0944
2023-08-31 16:48:00,861 - root - INFO - CF Training: Epoch 0062 Total Iter 0182 | Total Time 2.9s | Iter Mean Loss 0.0937
2023-08-31 16:48:02,441 - root - INFO - CF Training: Epoch 0063 Iter 0100 / 0182 | Time 0.0s | Iter Loss 0.0878 | Iter Mean Loss 0.0918
2023-08-31 16:48:03,710 - root - INFO - CF Training: Epoch 0063 Total Iter 0182 | Total Time 2.8s | Iter Mean Loss 0.0917
2023-08-31 16:48:05,288 - root - INFO - CF Training: Epoch 0064 Iter 0100 / 0182 | Time 0.0s | Iter Loss 0.0816 | Iter Mean Loss 0.0892
2023-08-31 16:48:06,577 - root - INFO - CF Training: Epoch 0064 Total Iter 0182 | Total Time 2.9s | Iter Mean Loss 0.0885
2023-08-31 16:48:08,175 - root - INFO - CF Training: Epoch 0065 Iter 0100 / 0182 | Time 0.0s | Iter Loss 0.0895 | Iter Mean Loss 0.0883
2023-08-31 16:48:09,475 - root - INFO - CF Training: Epoch 0065 Total Iter 0182 | Total Time 2.9s | Iter Mean Loss 0.0878
2023-08-31 16:48:11,004 - root - INFO - CF Training: Epoch 0066 Iter 0100 / 0182 | Time 0.0s | Iter Loss 0.0935 | Iter Mean Loss 0.0864
2023-08-31 16:48:12,334 - root - INFO - CF Training: Epoch 0066 Total Iter 0182 | Total Time 2.9s | Iter Mean Loss 0.0852
2023-08-31 16:48:14,576 - root - INFO - CF Training: Epoch 0067 Iter 0100 / 0182 | Time 0.0s | Iter Loss 0.0880 | Iter Mean Loss 0.0828
2023-08-31 16:48:20,327 - root - INFO - CF Training: Epoch 0067 Total Iter 0182 | Total Time 8.0s | Iter Mean Loss 0.0828
2023-08-31 16:48:30,675 - root - INFO - CF Training: Epoch 0068 Iter 0100 / 0182 | Time 0.0s | Iter Loss 0.0804 | Iter Mean Loss 0.0824
2023-08-31 16:48:32,096 - root - INFO - CF Training: Epoch 0068 Total Iter 0182 | Total Time 11.8s | Iter Mean Loss 0.0815
2023-08-31 16:48:33,657 - root - INFO - CF Training: Epoch 0069 Iter 0100 / 0182 | Time 0.0s | Iter Loss 0.0784 | Iter Mean Loss 0.0791
2023-08-31 16:48:34,946 - root - INFO - CF Training: Epoch 0069 Total Iter 0182 | Total Time 2.9s | Iter Mean Loss 0.0790
2023-08-31 16:48:36,558 - root - INFO - CF Training: Epoch 0070 Iter 0100 / 0182 | Time 0.0s | Iter Loss 0.0823 | Iter Mean Loss 0.0769
2023-08-31 16:48:37,859 - root - INFO - CF Training: Epoch 0070 Total Iter 0182 | Total Time 2.9s | Iter Mean Loss 0.0768
2023-08-31 16:48:38,058 - root - INFO - CF Evaluation: Epoch 0070 | Total Time 0.2s | Precision [0.0691, 0.0459], Recall [0.1665, 0.5406], NDCG [0.1266, 0.2459]
2023-08-31 16:48:39,601 - root - INFO - CF Training: Epoch 0071 Iter 0100 / 0182 | Time 0.0s | Iter Loss 0.0817 | Iter Mean Loss 0.0757
2023-08-31 16:48:40,886 - root - INFO - CF Training: Epoch 0071 Total Iter 0182 | Total Time 2.8s | Iter Mean Loss 0.0755
2023-08-31 16:48:42,498 - root - INFO - CF Training: Epoch 0072 Iter 0100 / 0182 | Time 0.0s | Iter Loss 0.0663 | Iter Mean Loss 0.0744
2023-08-31 16:48:43,907 - root - INFO - CF Training: Epoch 0072 Total Iter 0182 | Total Time 3.0s | Iter Mean Loss 0.0740
2023-08-31 16:48:45,551 - root - INFO - CF Training: Epoch 0073 Iter 0100 / 0182 | Time 0.0s | Iter Loss 0.0748 | Iter Mean Loss 0.0735
2023-08-31 16:48:46,989 - root - INFO - CF Training: Epoch 0073 Total Iter 0182 | Total Time 3.1s | Iter Mean Loss 0.0732
2023-08-31 16:48:48,658 - root - INFO - CF Training: Epoch 0074 Iter 0100 / 0182 | Time 0.0s | Iter Loss 0.0676 | Iter Mean Loss 0.0714
2023-08-31 16:48:49,921 - root - INFO - CF Training: Epoch 0074 Total Iter 0182 | Total Time 2.9s | Iter Mean Loss 0.0704
2023-08-31 16:48:51,550 - root - INFO - CF Training: Epoch 0075 Iter 0100 / 0182 | Time 0.0s | Iter Loss 0.0671 | Iter Mean Loss 0.0696
2023-08-31 16:48:52,849 - root - INFO - CF Training: Epoch 0075 Total Iter 0182 | Total Time 2.9s | Iter Mean Loss 0.0691
2023-08-31 16:48:54,466 - root - INFO - CF Training: Epoch 0076 Iter 0100 / 0182 | Time 0.0s | Iter Loss 0.0752 | Iter Mean Loss 0.0676
2023-08-31 16:48:55,722 - root - INFO - CF Training: Epoch 0076 Total Iter 0182 | Total Time 2.9s | Iter Mean Loss 0.0678
2023-08-31 16:48:57,281 - root - INFO - CF Training: Epoch 0077 Iter 0100 / 0182 | Time 0.0s | Iter Loss 0.0683 | Iter Mean Loss 0.0665
2023-08-31 16:48:58,579 - root - INFO - CF Training: Epoch 0077 Total Iter 0182 | Total Time 2.9s | Iter Mean Loss 0.0660
2023-08-31 16:49:00,182 - root - INFO - CF Training: Epoch 0078 Iter 0100 / 0182 | Time 0.0s | Iter Loss 0.0696 | Iter Mean Loss 0.0648
2023-08-31 16:49:01,513 - root - INFO - CF Training: Epoch 0078 Total Iter 0182 | Total Time 2.9s | Iter Mean Loss 0.0648
2023-08-31 16:49:03,080 - root - INFO - CF Training: Epoch 0079 Iter 0100 / 0182 | Time 0.0s | Iter Loss 0.0581 | Iter Mean Loss 0.0642
2023-08-31 16:49:04,361 - root - INFO - CF Training: Epoch 0079 Total Iter 0182 | Total Time 2.8s | Iter Mean Loss 0.0637
2023-08-31 16:49:05,936 - root - INFO - CF Training: Epoch 0080 Iter 0100 / 0182 | Time 0.0s | Iter Loss 0.0619 | Iter Mean Loss 0.0623
2023-08-31 16:49:07,231 - root - INFO - CF Training: Epoch 0080 Total Iter 0182 | Total Time 2.9s | Iter Mean Loss 0.0622
2023-08-31 16:49:07,432 - root - INFO - CF Evaluation: Epoch 0080 | Total Time 0.2s | Precision [0.0692, 0.0454], Recall [0.1669, 0.5336], NDCG [0.1277, 0.2448]
2023-08-31 16:49:07,447 - root - INFO - Save model on epoch 0080!
2023-08-31 16:49:09,015 - root - INFO - CF Training: Epoch 0081 Iter 0100 / 0182 | Time 0.0s | Iter Loss 0.0536 | Iter Mean Loss 0.0610
2023-08-31 16:49:10,303 - root - INFO - CF Training: Epoch 0081 Total Iter 0182 | Total Time 2.9s | Iter Mean Loss 0.0611
2023-08-31 16:49:11,921 - root - INFO - CF Training: Epoch 0082 Iter 0100 / 0182 | Time 0.0s | Iter Loss 0.0612 | Iter Mean Loss 0.0594
2023-08-31 16:49:13,222 - root - INFO - CF Training: Epoch 0082 Total Iter 0182 | Total Time 2.9s | Iter Mean Loss 0.0599
2023-08-31 16:49:14,742 - root - INFO - CF Training: Epoch 0083 Iter 0100 / 0182 | Time 0.0s | Iter Loss 0.0568 | Iter Mean Loss 0.0584
2023-08-31 16:49:16,018 - root - INFO - CF Training: Epoch 0083 Total Iter 0182 | Total Time 2.8s | Iter Mean Loss 0.0587
2023-08-31 16:49:17,620 - root - INFO - CF Training: Epoch 0084 Iter 0100 / 0182 | Time 0.0s | Iter Loss 0.0497 | Iter Mean Loss 0.0574
2023-08-31 16:49:18,911 - root - INFO - CF Training: Epoch 0084 Total Iter 0182 | Total Time 2.9s | Iter Mean Loss 0.0571
2023-08-31 16:49:22,611 - root - INFO - CF Training: Epoch 0085 Iter 0100 / 0182 | Time 0.1s | Iter Loss 0.0540 | Iter Mean Loss 0.0564
2023-08-31 16:49:33,412 - root - INFO - CF Training: Epoch 0085 Total Iter 0182 | Total Time 14.5s | Iter Mean Loss 0.0566
2023-08-31 16:49:37,419 - root - INFO - CF Training: Epoch 0086 Iter 0100 / 0182 | Time 0.0s | Iter Loss 0.0517 | Iter Mean Loss 0.0565
2023-08-31 16:49:38,725 - root - INFO - CF Training: Epoch 0086 Total Iter 0182 | Total Time 5.3s | Iter Mean Loss 0.0557
2023-08-31 16:49:40,287 - root - INFO - CF Training: Epoch 0087 Iter 0100 / 0182 | Time 0.0s | Iter Loss 0.0591 | Iter Mean Loss 0.0550
2023-08-31 16:49:41,603 - root - INFO - CF Training: Epoch 0087 Total Iter 0182 | Total Time 2.9s | Iter Mean Loss 0.0548
2023-08-31 16:49:43,215 - root - INFO - CF Training: Epoch 0088 Iter 0100 / 0182 | Time 0.0s | Iter Loss 0.0459 | Iter Mean Loss 0.0541
2023-08-31 16:49:44,499 - root - INFO - CF Training: Epoch 0088 Total Iter 0182 | Total Time 2.9s | Iter Mean Loss 0.0539
2023-08-31 16:49:46,092 - root - INFO - CF Training: Epoch 0089 Iter 0100 / 0182 | Time 0.0s | Iter Loss 0.0473 | Iter Mean Loss 0.0532
2023-08-31 16:49:47,412 - root - INFO - CF Training: Epoch 0089 Total Iter 0182 | Total Time 2.9s | Iter Mean Loss 0.0528
2023-08-31 16:49:48,958 - root - INFO - CF Training: Epoch 0090 Iter 0100 / 0182 | Time 0.0s | Iter Loss 0.0560 | Iter Mean Loss 0.0523
2023-08-31 16:49:50,235 - root - INFO - CF Training: Epoch 0090 Total Iter 0182 | Total Time 2.8s | Iter Mean Loss 0.0518
2023-08-31 16:49:50,438 - root - INFO - CF Evaluation: Epoch 0090 | Total Time 0.2s | Precision [0.0693, 0.0450], Recall [0.1664, 0.5277], NDCG [0.1278, 0.2431]
2023-08-31 16:49:52,041 - root - INFO - CF Training: Epoch 0091 Iter 0100 / 0182 | Time 0.0s | Iter Loss 0.0498 | Iter Mean Loss 0.0507
2023-08-31 16:49:53,326 - root - INFO - CF Training: Epoch 0091 Total Iter 0182 | Total Time 2.9s | Iter Mean Loss 0.0507
2023-08-31 16:49:54,863 - root - INFO - CF Training: Epoch 0092 Iter 0100 / 0182 | Time 0.0s | Iter Loss 0.0488 | Iter Mean Loss 0.0494
2023-08-31 16:49:56,160 - root - INFO - CF Training: Epoch 0092 Total Iter 0182 | Total Time 2.8s | Iter Mean Loss 0.0494
2023-08-31 16:49:57,807 - root - INFO - CF Training: Epoch 0093 Iter 0100 / 0182 | Time 0.0s | Iter Loss 0.0460 | Iter Mean Loss 0.0489
2023-08-31 16:49:59,201 - root - INFO - CF Training: Epoch 0093 Total Iter 0182 | Total Time 3.0s | Iter Mean Loss 0.0489
2023-08-31 16:50:00,770 - root - INFO - CF Training: Epoch 0094 Iter 0100 / 0182 | Time 0.0s | Iter Loss 0.0501 | Iter Mean Loss 0.0490
2023-08-31 16:50:02,142 - root - INFO - CF Training: Epoch 0094 Total Iter 0182 | Total Time 2.9s | Iter Mean Loss 0.0489
2023-08-31 16:50:03,687 - root - INFO - CF Training: Epoch 0095 Iter 0100 / 0182 | Time 0.0s | Iter Loss 0.0456 | Iter Mean Loss 0.0480
2023-08-31 16:50:04,928 - root - INFO - CF Training: Epoch 0095 Total Iter 0182 | Total Time 2.8s | Iter Mean Loss 0.0475
2023-08-31 16:50:06,456 - root - INFO - CF Training: Epoch 0096 Iter 0100 / 0182 | Time 0.0s | Iter Loss 0.0491 | Iter Mean Loss 0.0467
2023-08-31 16:50:07,740 - root - INFO - CF Training: Epoch 0096 Total Iter 0182 | Total Time 2.8s | Iter Mean Loss 0.0464
2023-08-31 16:50:09,300 - root - INFO - CF Training: Epoch 0097 Iter 0100 / 0182 | Time 0.0s | Iter Loss 0.0462 | Iter Mean Loss 0.0461
2023-08-31 16:50:10,581 - root - INFO - CF Training: Epoch 0097 Total Iter 0182 | Total Time 2.8s | Iter Mean Loss 0.0455
2023-08-31 16:50:12,125 - root - INFO - CF Training: Epoch 0098 Iter 0100 / 0182 | Time 0.0s | Iter Loss 0.0455 | Iter Mean Loss 0.0448
2023-08-31 16:50:13,396 - root - INFO - CF Training: Epoch 0098 Total Iter 0182 | Total Time 2.8s | Iter Mean Loss 0.0445
2023-08-31 16:50:14,939 - root - INFO - CF Training: Epoch 0099 Iter 0100 / 0182 | Time 0.0s | Iter Loss 0.0415 | Iter Mean Loss 0.0440
2023-08-31 16:50:16,268 - root - INFO - CF Training: Epoch 0099 Total Iter 0182 | Total Time 2.9s | Iter Mean Loss 0.0441
2023-08-31 16:50:17,856 - root - INFO - CF Training: Epoch 0100 Iter 0100 / 0182 | Time 0.0s | Iter Loss 0.0455 | Iter Mean Loss 0.0427
2023-08-31 16:50:19,144 - root - INFO - CF Training: Epoch 0100 Total Iter 0182 | Total Time 2.9s | Iter Mean Loss 0.0430
2023-08-31 16:50:19,346 - root - INFO - CF Evaluation: Epoch 0100 | Total Time 0.2s | Precision [0.0689, 0.0445], Recall [0.1654, 0.5218], NDCG [0.1269, 0.2405]
2023-08-31 16:50:20,897 - root - INFO - CF Training: Epoch 0101 Iter 0100 / 0182 | Time 0.0s | Iter Loss 0.0438 | Iter Mean Loss 0.0432
2023-08-31 16:50:22,217 - root - INFO - CF Training: Epoch 0101 Total Iter 0182 | Total Time 2.9s | Iter Mean Loss 0.0427
2023-08-31 16:50:23,764 - root - INFO - CF Training: Epoch 0102 Iter 0100 / 0182 | Time 0.0s | Iter Loss 0.0431 | Iter Mean Loss 0.0424
2023-08-31 16:50:25,538 - root - INFO - CF Training: Epoch 0102 Total Iter 0182 | Total Time 3.3s | Iter Mean Loss 0.0419
2023-08-31 16:50:31,747 - root - INFO - CF Training: Epoch 0103 Iter 0100 / 0182 | Time 0.1s | Iter Loss 0.0438 | Iter Mean Loss 0.0424
2023-08-31 16:50:41,660 - root - INFO - CF Training: Epoch 0103 Total Iter 0182 | Total Time 16.1s | Iter Mean Loss 0.0417
2023-08-31 16:50:43,308 - root - INFO - CF Training: Epoch 0104 Iter 0100 / 0182 | Time 0.0s | Iter Loss 0.0507 | Iter Mean Loss 0.0408
2023-08-31 16:50:44,558 - root - INFO - CF Training: Epoch 0104 Total Iter 0182 | Total Time 2.9s | Iter Mean Loss 0.0406
2023-08-31 16:50:46,150 - root - INFO - CF Training: Epoch 0105 Iter 0100 / 0182 | Time 0.0s | Iter Loss 0.0423 | Iter Mean Loss 0.0402
2023-08-31 16:50:47,439 - root - INFO - CF Training: Epoch 0105 Total Iter 0182 | Total Time 2.9s | Iter Mean Loss 0.0402
2023-08-31 16:50:49,026 - root - INFO - CF Training: Epoch 0106 Iter 0100 / 0182 | Time 0.0s | Iter Loss 0.0353 | Iter Mean Loss 0.0393
2023-08-31 16:50:50,302 - root - INFO - CF Training: Epoch 0106 Total Iter 0182 | Total Time 2.9s | Iter Mean Loss 0.0396
2023-08-31 16:50:51,869 - root - INFO - CF Training: Epoch 0107 Iter 0100 / 0182 | Time 0.0s | Iter Loss 0.0408 | Iter Mean Loss 0.0386
2023-08-31 16:50:53,120 - root - INFO - CF Training: Epoch 0107 Total Iter 0182 | Total Time 2.8s | Iter Mean Loss 0.0384
2023-08-31 16:50:54,693 - root - INFO - CF Training: Epoch 0108 Iter 0100 / 0182 | Time 0.0s | Iter Loss 0.0361 | Iter Mean Loss 0.0379
2023-08-31 16:50:55,983 - root - INFO - CF Training: Epoch 0108 Total Iter 0182 | Total Time 2.9s | Iter Mean Loss 0.0379
2023-08-31 16:50:57,549 - root - INFO - CF Training: Epoch 0109 Iter 0100 / 0182 | Time 0.0s | Iter Loss 0.0390 | Iter Mean Loss 0.0383
2023-08-31 16:50:58,856 - root - INFO - CF Training: Epoch 0109 Total Iter 0182 | Total Time 2.9s | Iter Mean Loss 0.0379
2023-08-31 16:51:00,444 - root - INFO - CF Training: Epoch 0110 Iter 0100 / 0182 | Time 0.0s | Iter Loss 0.0372 | Iter Mean Loss 0.0378
2023-08-31 16:51:01,721 - root - INFO - CF Training: Epoch 0110 Total Iter 0182 | Total Time 2.9s | Iter Mean Loss 0.0374
2023-08-31 16:51:01,921 - root - INFO - CF Evaluation: Epoch 0110 | Total Time 0.2s | Precision [0.0682, 0.0440], Recall [0.1639, 0.5164], NDCG [0.1258, 0.2379]
2023-08-31 16:51:03,481 - root - INFO - CF Training: Epoch 0111 Iter 0100 / 0182 | Time 0.0s | Iter Loss 0.0383 | Iter Mean Loss 0.0365
2023-08-31 16:51:04,782 - root - INFO - CF Training: Epoch 0111 Total Iter 0182 | Total Time 2.9s | Iter Mean Loss 0.0365
2023-08-31 16:51:06,370 - root - INFO - CF Training: Epoch 0112 Iter 0100 / 0182 | Time 0.0s | Iter Loss 0.0360 | Iter Mean Loss 0.0363
2023-08-31 16:51:07,655 - root - INFO - CF Training: Epoch 0112 Total Iter 0182 | Total Time 2.9s | Iter Mean Loss 0.0359
2023-08-31 16:51:09,229 - root - INFO - CF Training: Epoch 0113 Iter 0100 / 0182 | Time 0.0s | Iter Loss 0.0370 | Iter Mean Loss 0.0355
2023-08-31 16:51:10,515 - root - INFO - CF Training: Epoch 0113 Total Iter 0182 | Total Time 2.9s | Iter Mean Loss 0.0354
2023-08-31 16:51:12,050 - root - INFO - CF Training: Epoch 0114 Iter 0100 / 0182 | Time 0.0s | Iter Loss 0.0389 | Iter Mean Loss 0.0346
2023-08-31 16:51:13,300 - root - INFO - CF Training: Epoch 0114 Total Iter 0182 | Total Time 2.8s | Iter Mean Loss 0.0345
2023-08-31 16:51:14,868 - root - INFO - CF Training: Epoch 0115 Iter 0100 / 0182 | Time 0.0s | Iter Loss 0.0261 | Iter Mean Loss 0.0344
2023-08-31 16:51:16,151 - root - INFO - CF Training: Epoch 0115 Total Iter 0182 | Total Time 2.9s | Iter Mean Loss 0.0343
2023-08-31 16:51:17,723 - root - INFO - CF Training: Epoch 0116 Iter 0100 / 0182 | Time 0.0s | Iter Loss 0.0364 | Iter Mean Loss 0.0341
2023-08-31 16:51:18,988 - root - INFO - CF Training: Epoch 0116 Total Iter 0182 | Total Time 2.8s | Iter Mean Loss 0.0342
2023-08-31 16:51:20,531 - root - INFO - CF Training: Epoch 0117 Iter 0100 / 0182 | Time 0.0s | Iter Loss 0.0362 | Iter Mean Loss 0.0337
2023-08-31 16:51:21,818 - root - INFO - CF Training: Epoch 0117 Total Iter 0182 | Total Time 2.8s | Iter Mean Loss 0.0334
2023-08-31 16:51:23,385 - root - INFO - CF Training: Epoch 0118 Iter 0100 / 0182 | Time 0.0s | Iter Loss 0.0275 | Iter Mean Loss 0.0330
2023-08-31 16:51:24,678 - root - INFO - CF Training: Epoch 0118 Total Iter 0182 | Total Time 2.9s | Iter Mean Loss 0.0332
2023-08-31 16:51:26,249 - root - INFO - CF Training: Epoch 0119 Iter 0100 / 0182 | Time 0.0s | Iter Loss 0.0364 | Iter Mean Loss 0.0328
2023-08-31 16:51:27,530 - root - INFO - CF Training: Epoch 0119 Total Iter 0182 | Total Time 2.9s | Iter Mean Loss 0.0325
2023-08-31 16:51:29,125 - root - INFO - CF Training: Epoch 0120 Iter 0100 / 0182 | Time 0.0s | Iter Loss 0.0299 | Iter Mean Loss 0.0314
2023-08-31 16:51:31,950 - root - INFO - CF Training: Epoch 0120 Total Iter 0182 | Total Time 4.4s | Iter Mean Loss 0.0317
2023-08-31 16:51:32,260 - root - INFO - CF Evaluation: Epoch 0120 | Total Time 0.3s | Precision [0.0672, 0.0435], Recall [0.1628, 0.5108], NDCG [0.1247, 0.2354]
2023-08-31 16:51:45,424 - root - INFO - CF Training: Epoch 0121 Iter 0100 / 0182 | Time 0.0s | Iter Loss 0.0299 | Iter Mean Loss 0.0312
2023-08-31 16:51:47,094 - root - INFO - CF Training: Epoch 0121 Total Iter 0182 | Total Time 14.8s | Iter Mean Loss 0.0315
2023-08-31 16:51:48,587 - root - INFO - CF Training: Epoch 0122 Iter 0100 / 0182 | Time 0.0s | Iter Loss 0.0331 | Iter Mean Loss 0.0316
2023-08-31 16:51:49,859 - root - INFO - CF Training: Epoch 0122 Total Iter 0182 | Total Time 2.8s | Iter Mean Loss 0.0312
2023-08-31 16:51:51,368 - root - INFO - CF Training: Epoch 0123 Iter 0100 / 0182 | Time 0.0s | Iter Loss 0.0274 | Iter Mean Loss 0.0296
2023-08-31 16:51:52,608 - root - INFO - CF Training: Epoch 0123 Total Iter 0182 | Total Time 2.7s | Iter Mean Loss 0.0299
2023-08-31 16:51:54,156 - root - INFO - CF Training: Epoch 0124 Iter 0100 / 0182 | Time 0.0s | Iter Loss 0.0281 | Iter Mean Loss 0.0306
2023-08-31 16:51:55,396 - root - INFO - CF Training: Epoch 0124 Total Iter 0182 | Total Time 2.8s | Iter Mean Loss 0.0301
2023-08-31 16:51:56,902 - root - INFO - CF Training: Epoch 0125 Iter 0100 / 0182 | Time 0.0s | Iter Loss 0.0318 | Iter Mean Loss 0.0297
2023-08-31 16:51:58,154 - root - INFO - CF Training: Epoch 0125 Total Iter 0182 | Total Time 2.8s | Iter Mean Loss 0.0300
2023-08-31 16:51:59,715 - root - INFO - CF Training: Epoch 0126 Iter 0100 / 0182 | Time 0.0s | Iter Loss 0.0265 | Iter Mean Loss 0.0292
2023-08-31 16:52:00,966 - root - INFO - CF Training: Epoch 0126 Total Iter 0182 | Total Time 2.8s | Iter Mean Loss 0.0292
2023-08-31 16:52:02,480 - root - INFO - CF Training: Epoch 0127 Iter 0100 / 0182 | Time 0.0s | Iter Loss 0.0293 | Iter Mean Loss 0.0293
2023-08-31 16:52:03,740 - root - INFO - CF Training: Epoch 0127 Total Iter 0182 | Total Time 2.8s | Iter Mean Loss 0.0293
2023-08-31 16:52:05,249 - root - INFO - CF Training: Epoch 0128 Iter 0100 / 0182 | Time 0.0s | Iter Loss 0.0331 | Iter Mean Loss 0.0286
2023-08-31 16:52:06,506 - root - INFO - CF Training: Epoch 0128 Total Iter 0182 | Total Time 2.8s | Iter Mean Loss 0.0286
2023-08-31 16:52:07,986 - root - INFO - CF Training: Epoch 0129 Iter 0100 / 0182 | Time 0.0s | Iter Loss 0.0257 | Iter Mean Loss 0.0282
2023-08-31 16:52:09,203 - root - INFO - CF Training: Epoch 0129 Total Iter 0182 | Total Time 2.7s | Iter Mean Loss 0.0279
2023-08-31 16:52:10,737 - root - INFO - CF Training: Epoch 0130 Iter 0100 / 0182 | Time 0.0s | Iter Loss 0.0292 | Iter Mean Loss 0.0280
2023-08-31 16:52:11,987 - root - INFO - CF Training: Epoch 0130 Total Iter 0182 | Total Time 2.8s | Iter Mean Loss 0.0278
2023-08-31 16:52:12,183 - root - INFO - CF Evaluation: Epoch 0130 | Total Time 0.2s | Precision [0.0666, 0.0428], Recall [0.1608, 0.5007], NDCG [0.1231, 0.2314]
2023-08-31 16:52:13,714 - root - INFO - CF Training: Epoch 0131 Iter 0100 / 0182 | Time 0.0s | Iter Loss 0.0268 | Iter Mean Loss 0.0279
2023-08-31 16:52:14,966 - root - INFO - CF Training: Epoch 0131 Total Iter 0182 | Total Time 2.8s | Iter Mean Loss 0.0275
2023-08-31 16:52:16,510 - root - INFO - CF Training: Epoch 0132 Iter 0100 / 0182 | Time 0.0s | Iter Loss 0.0296 | Iter Mean Loss 0.0274
2023-08-31 16:52:17,754 - root - INFO - CF Training: Epoch 0132 Total Iter 0182 | Total Time 2.8s | Iter Mean Loss 0.0272
2023-08-31 16:52:19,293 - root - INFO - CF Training: Epoch 0133 Iter 0100 / 0182 | Time 0.0s | Iter Loss 0.0239 | Iter Mean Loss 0.0264
2023-08-31 16:52:20,583 - root - INFO - CF Training: Epoch 0133 Total Iter 0182 | Total Time 2.8s | Iter Mean Loss 0.0266
2023-08-31 16:52:22,128 - root - INFO - CF Training: Epoch 0134 Iter 0100 / 0182 | Time 0.0s | Iter Loss 0.0225 | Iter Mean Loss 0.0261
2023-08-31 16:52:23,424 - root - INFO - CF Training: Epoch 0134 Total Iter 0182 | Total Time 2.8s | Iter Mean Loss 0.0262
2023-08-31 16:52:24,970 - root - INFO - CF Training: Epoch 0135 Iter 0100 / 0182 | Time 0.0s | Iter Loss 0.0249 | Iter Mean Loss 0.0260
2023-08-31 16:52:26,251 - root - INFO - CF Training: Epoch 0135 Total Iter 0182 | Total Time 2.8s | Iter Mean Loss 0.0260
2023-08-31 16:52:27,812 - root - INFO - CF Training: Epoch 0136 Iter 0100 / 0182 | Time 0.0s | Iter Loss 0.0245 | Iter Mean Loss 0.0259
2023-08-31 16:52:29,066 - root - INFO - CF Training: Epoch 0136 Total Iter 0182 | Total Time 2.8s | Iter Mean Loss 0.0257
2023-08-31 16:52:30,617 - root - INFO - CF Training: Epoch 0137 Iter 0100 / 0182 | Time 0.0s | Iter Loss 0.0275 | Iter Mean Loss 0.0262
2023-08-31 16:52:31,897 - root - INFO - CF Training: Epoch 0137 Total Iter 0182 | Total Time 2.8s | Iter Mean Loss 0.0256
2023-08-31 16:52:33,400 - root - INFO - CF Training: Epoch 0138 Iter 0100 / 0182 | Time 0.0s | Iter Loss 0.0252 | Iter Mean Loss 0.0252
2023-08-31 16:52:34,645 - root - INFO - CF Training: Epoch 0138 Total Iter 0182 | Total Time 2.7s | Iter Mean Loss 0.0250
2023-08-31 16:52:36,192 - root - INFO - CF Training: Epoch 0139 Iter 0100 / 0182 | Time 0.0s | Iter Loss 0.0192 | Iter Mean Loss 0.0250
2023-08-31 16:52:37,446 - root - INFO - CF Training: Epoch 0139 Total Iter 0182 | Total Time 2.8s | Iter Mean Loss 0.0248
2023-08-31 16:52:38,995 - root - INFO - CF Training: Epoch 0140 Iter 0100 / 0182 | Time 0.0s | Iter Loss 0.0295 | Iter Mean Loss 0.0248
2023-08-31 16:52:40,285 - root - INFO - CF Training: Epoch 0140 Total Iter 0182 | Total Time 2.8s | Iter Mean Loss 0.0249
2023-08-31 16:52:40,478 - root - INFO - CF Evaluation: Epoch 0140 | Total Time 0.2s | Precision [0.0655, 0.0423], Recall [0.1572, 0.4948], NDCG [0.1207, 0.2282]
2023-08-31 16:52:41,991 - root - INFO - CF Training: Epoch 0141 Iter 0100 / 0182 | Time 0.0s | Iter Loss 0.0205 | Iter Mean Loss 0.0243
2023-08-31 16:52:43,232 - root - INFO - CF Training: Epoch 0141 Total Iter 0182 | Total Time 2.8s | Iter Mean Loss 0.0243
2023-08-31 16:52:44,783 - root - INFO - CF Training: Epoch 0142 Iter 0100 / 0182 | Time 0.0s | Iter Loss 0.0258 | Iter Mean Loss 0.0240
2023-08-31 16:52:46,038 - root - INFO - CF Training: Epoch 0142 Total Iter 0182 | Total Time 2.8s | Iter Mean Loss 0.0238
2023-08-31 16:52:47,625 - root - INFO - CF Training: Epoch 0143 Iter 0100 / 0182 | Time 0.0s | Iter Loss 0.0206 | Iter Mean Loss 0.0234
2023-08-31 16:52:48,911 - root - INFO - CF Training: Epoch 0143 Total Iter 0182 | Total Time 2.9s | Iter Mean Loss 0.0233
2023-08-31 16:52:50,458 - root - INFO - CF Training: Epoch 0144 Iter 0100 / 0182 | Time 0.0s | Iter Loss 0.0259 | Iter Mean Loss 0.0237
2023-08-31 16:52:51,698 - root - INFO - CF Training: Epoch 0144 Total Iter 0182 | Total Time 2.8s | Iter Mean Loss 0.0238
2023-08-31 16:52:53,188 - root - INFO - CF Training: Epoch 0145 Iter 0100 / 0182 | Time 0.0s | Iter Loss 0.0192 | Iter Mean Loss 0.0226
2023-08-31 16:52:54,404 - root - INFO - CF Training: Epoch 0145 Total Iter 0182 | Total Time 2.7s | Iter Mean Loss 0.0226
2023-08-31 16:52:55,930 - root - INFO - CF Training: Epoch 0146 Iter 0100 / 0182 | Time 0.0s | Iter Loss 0.0206 | Iter Mean Loss 0.0226
2023-08-31 16:52:57,181 - root - INFO - CF Training: Epoch 0146 Total Iter 0182 | Total Time 2.8s | Iter Mean Loss 0.0228
2023-08-31 16:52:58,711 - root - INFO - CF Training: Epoch 0147 Iter 0100 / 0182 | Time 0.0s | Iter Loss 0.0240 | Iter Mean Loss 0.0229
2023-08-31 16:52:59,958 - root - INFO - CF Training: Epoch 0147 Total Iter 0182 | Total Time 2.8s | Iter Mean Loss 0.0229
2023-08-31 16:53:01,527 - root - INFO - CF Training: Epoch 0148 Iter 0100 / 0182 | Time 0.0s | Iter Loss 0.0177 | Iter Mean Loss 0.0226
2023-08-31 16:53:02,788 - root - INFO - CF Training: Epoch 0148 Total Iter 0182 | Total Time 2.8s | Iter Mean Loss 0.0224
2023-08-31 16:53:04,340 - root - INFO - CF Training: Epoch 0149 Iter 0100 / 0182 | Time 0.0s | Iter Loss 0.0236 | Iter Mean Loss 0.0215
2023-08-31 16:53:05,578 - root - INFO - CF Training: Epoch 0149 Total Iter 0182 | Total Time 2.8s | Iter Mean Loss 0.0218
2023-08-31 16:53:07,065 - root - INFO - CF Training: Epoch 0150 Iter 0100 / 0182 | Time 0.0s | Iter Loss 0.0253 | Iter Mean Loss 0.0215
2023-08-31 16:53:08,290 - root - INFO - CF Training: Epoch 0150 Total Iter 0182 | Total Time 2.7s | Iter Mean Loss 0.0216
2023-08-31 16:53:08,484 - root - INFO - CF Evaluation: Epoch 0150 | Total Time 0.2s | Precision [0.0647, 0.0418], Recall [0.1558, 0.4877], NDCG [0.1193, 0.2250]
2023-08-31 16:53:09,990 - root - INFO - CF Training: Epoch 0151 Iter 0100 / 0182 | Time 0.0s | Iter Loss 0.0273 | Iter Mean Loss 0.0219
2023-08-31 16:53:11,220 - root - INFO - CF Training: Epoch 0151 Total Iter 0182 | Total Time 2.7s | Iter Mean Loss 0.0217
2023-08-31 16:53:12,712 - root - INFO - CF Training: Epoch 0152 Iter 0100 / 0182 | Time 0.0s | Iter Loss 0.0203 | Iter Mean Loss 0.0212
2023-08-31 16:53:13,937 - root - INFO - CF Training: Epoch 0152 Total Iter 0182 | Total Time 2.7s | Iter Mean Loss 0.0210
2023-08-31 16:53:15,465 - root - INFO - CF Training: Epoch 0153 Iter 0100 / 0182 | Time 0.0s | Iter Loss 0.0242 | Iter Mean Loss 0.0216
2023-08-31 16:53:16,896 - root - INFO - CF Training: Epoch 0153 Total Iter 0182 | Total Time 3.0s | Iter Mean Loss 0.0214
2023-08-31 16:53:18,455 - root - INFO - CF Training: Epoch 0154 Iter 0100 / 0182 | Time 0.0s | Iter Loss 0.0169 | Iter Mean Loss 0.0205
2023-08-31 16:53:19,759 - root - INFO - CF Training: Epoch 0154 Total Iter 0182 | Total Time 2.9s | Iter Mean Loss 0.0208
2023-08-31 16:53:21,256 - root - INFO - CF Training: Epoch 0155 Iter 0100 / 0182 | Time 0.0s | Iter Loss 0.0230 | Iter Mean Loss 0.0208
2023-08-31 16:53:22,506 - root - INFO - CF Training: Epoch 0155 Total Iter 0182 | Total Time 2.7s | Iter Mean Loss 0.0206
2023-08-31 16:53:24,042 - root - INFO - CF Training: Epoch 0156 Iter 0100 / 0182 | Time 0.0s | Iter Loss 0.0243 | Iter Mean Loss 0.0205
2023-08-31 16:53:25,298 - root - INFO - CF Training: Epoch 0156 Total Iter 0182 | Total Time 2.8s | Iter Mean Loss 0.0206
2023-08-31 16:53:26,857 - root - INFO - CF Training: Epoch 0157 Iter 0100 / 0182 | Time 0.0s | Iter Loss 0.0209 | Iter Mean Loss 0.0206
2023-08-31 16:53:28,126 - root - INFO - CF Training: Epoch 0157 Total Iter 0182 | Total Time 2.8s | Iter Mean Loss 0.0203
2023-08-31 16:53:29,684 - root - INFO - CF Training: Epoch 0158 Iter 0100 / 0182 | Time 0.0s | Iter Loss 0.0160 | Iter Mean Loss 0.0202
2023-08-31 16:53:30,939 - root - INFO - CF Training: Epoch 0158 Total Iter 0182 | Total Time 2.8s | Iter Mean Loss 0.0200
2023-08-31 16:53:32,474 - root - INFO - CF Training: Epoch 0159 Iter 0100 / 0182 | Time 0.0s | Iter Loss 0.0269 | Iter Mean Loss 0.0200
2023-08-31 16:53:33,732 - root - INFO - CF Training: Epoch 0159 Total Iter 0182 | Total Time 2.8s | Iter Mean Loss 0.0196
2023-08-31 16:53:35,275 - root - INFO - CF Training: Epoch 0160 Iter 0100 / 0182 | Time 0.0s | Iter Loss 0.0211 | Iter Mean Loss 0.0192
2023-08-31 16:53:36,564 - root - INFO - CF Training: Epoch 0160 Total Iter 0182 | Total Time 2.8s | Iter Mean Loss 0.0193
2023-08-31 16:53:36,762 - root - INFO - CF Evaluation: Epoch 0160 | Total Time 0.2s | Precision [0.0632, 0.0413], Recall [0.1517, 0.4824], NDCG [0.1165, 0.2218]
2023-08-31 16:53:38,325 - root - INFO - CF Training: Epoch 0161 Iter 0100 / 0182 | Time 0.0s | Iter Loss 0.0183 | Iter Mean Loss 0.0194
2023-08-31 16:53:39,577 - root - INFO - CF Training: Epoch 0161 Total Iter 0182 | Total Time 2.8s | Iter Mean Loss 0.0195
2023-08-31 16:53:41,166 - root - INFO - CF Training: Epoch 0162 Iter 0100 / 0182 | Time 0.0s | Iter Loss 0.0189 | Iter Mean Loss 0.0191
2023-08-31 16:53:42,459 - root - INFO - CF Training: Epoch 0162 Total Iter 0182 | Total Time 2.9s | Iter Mean Loss 0.0189
2023-08-31 16:53:44,046 - root - INFO - CF Training: Epoch 0163 Iter 0100 / 0182 | Time 0.0s | Iter Loss 0.0244 | Iter Mean Loss 0.0192
2023-08-31 16:53:45,320 - root - INFO - CF Training: Epoch 0163 Total Iter 0182 | Total Time 2.9s | Iter Mean Loss 0.0190
2023-08-31 16:53:46,881 - root - INFO - CF Training: Epoch 0164 Iter 0100 / 0182 | Time 0.0s | Iter Loss 0.0179 | Iter Mean Loss 0.0187
2023-08-31 16:53:48,164 - root - INFO - CF Training: Epoch 0164 Total Iter 0182 | Total Time 2.8s | Iter Mean Loss 0.0189
2023-08-31 16:53:49,822 - root - INFO - CF Training: Epoch 0165 Iter 0100 / 0182 | Time 0.0s | Iter Loss 0.0178 | Iter Mean Loss 0.0186
2023-08-31 16:53:51,219 - root - INFO - CF Training: Epoch 0165 Total Iter 0182 | Total Time 3.1s | Iter Mean Loss 0.0184
2023-08-31 16:53:53,025 - root - INFO - CF Training: Epoch 0166 Iter 0100 / 0182 | Time 0.0s | Iter Loss 0.0162 | Iter Mean Loss 0.0183
2023-08-31 16:53:54,407 - root - INFO - CF Training: Epoch 0166 Total Iter 0182 | Total Time 3.2s | Iter Mean Loss 0.0184
2023-08-31 16:53:56,155 - root - INFO - CF Training: Epoch 0167 Iter 0100 / 0182 | Time 0.0s | Iter Loss 0.0196 | Iter Mean Loss 0.0183
2023-08-31 16:53:57,606 - root - INFO - CF Training: Epoch 0167 Total Iter 0182 | Total Time 3.2s | Iter Mean Loss 0.0183
2023-08-31 16:53:59,351 - root - INFO - CF Training: Epoch 0168 Iter 0100 / 0182 | Time 0.0s | Iter Loss 0.0143 | Iter Mean Loss 0.0174
2023-08-31 16:54:00,690 - root - INFO - CF Training: Epoch 0168 Total Iter 0182 | Total Time 3.1s | Iter Mean Loss 0.0173
2023-08-31 16:54:02,342 - root - INFO - CF Training: Epoch 0169 Iter 0100 / 0182 | Time 0.0s | Iter Loss 0.0130 | Iter Mean Loss 0.0181
2023-08-31 16:54:03,607 - root - INFO - CF Training: Epoch 0169 Total Iter 0182 | Total Time 2.9s | Iter Mean Loss 0.0178
2023-08-31 16:54:05,096 - root - INFO - CF Training: Epoch 0170 Iter 0100 / 0182 | Time 0.0s | Iter Loss 0.0176 | Iter Mean Loss 0.0180
2023-08-31 16:54:06,306 - root - INFO - CF Training: Epoch 0170 Total Iter 0182 | Total Time 2.7s | Iter Mean Loss 0.0177
2023-08-31 16:54:06,501 - root - INFO - CF Evaluation: Epoch 0170 | Total Time 0.2s | Precision [0.0627, 0.0407], Recall [0.1493, 0.4759], NDCG [0.1151, 0.2191]
2023-08-31 16:54:08,052 - root - INFO - CF Training: Epoch 0171 Iter 0100 / 0182 | Time 0.0s | Iter Loss 0.0145 | Iter Mean Loss 0.0173
2023-08-31 16:54:09,266 - root - INFO - CF Training: Epoch 0171 Total Iter 0182 | Total Time 2.8s | Iter Mean Loss 0.0172
2023-08-31 16:54:10,835 - root - INFO - CF Training: Epoch 0172 Iter 0100 / 0182 | Time 0.0s | Iter Loss 0.0137 | Iter Mean Loss 0.0173
2023-08-31 16:54:12,044 - root - INFO - CF Training: Epoch 0172 Total Iter 0182 | Total Time 2.8s | Iter Mean Loss 0.0172
2023-08-31 16:54:13,558 - root - INFO - CF Training: Epoch 0173 Iter 0100 / 0182 | Time 0.0s | Iter Loss 0.0173 | Iter Mean Loss 0.0167
2023-08-31 16:54:14,795 - root - INFO - CF Training: Epoch 0173 Total Iter 0182 | Total Time 2.8s | Iter Mean Loss 0.0167
2023-08-31 16:54:16,308 - root - INFO - CF Training: Epoch 0174 Iter 0100 / 0182 | Time 0.0s | Iter Loss 0.0158 | Iter Mean Loss 0.0169
2023-08-31 16:54:17,547 - root - INFO - CF Training: Epoch 0174 Total Iter 0182 | Total Time 2.8s | Iter Mean Loss 0.0166
2023-08-31 16:54:19,090 - root - INFO - CF Training: Epoch 0175 Iter 0100 / 0182 | Time 0.0s | Iter Loss 0.0225 | Iter Mean Loss 0.0168
2023-08-31 16:54:20,347 - root - INFO - CF Training: Epoch 0175 Total Iter 0182 | Total Time 2.8s | Iter Mean Loss 0.0170
2023-08-31 16:54:21,875 - root - INFO - CF Training: Epoch 0176 Iter 0100 / 0182 | Time 0.0s | Iter Loss 0.0155 | Iter Mean Loss 0.0168
2023-08-31 16:54:23,117 - root - INFO - CF Training: Epoch 0176 Total Iter 0182 | Total Time 2.8s | Iter Mean Loss 0.0166
2023-08-31 16:54:24,659 - root - INFO - CF Training: Epoch 0177 Iter 0100 / 0182 | Time 0.0s | Iter Loss 0.0190 | Iter Mean Loss 0.0169
2023-08-31 16:54:25,913 - root - INFO - CF Training: Epoch 0177 Total Iter 0182 | Total Time 2.8s | Iter Mean Loss 0.0168
2023-08-31 16:54:27,410 - root - INFO - CF Training: Epoch 0178 Iter 0100 / 0182 | Time 0.0s | Iter Loss 0.0166 | Iter Mean Loss 0.0160
2023-08-31 16:54:28,658 - root - INFO - CF Training: Epoch 0178 Total Iter 0182 | Total Time 2.7s | Iter Mean Loss 0.0159
2023-08-31 16:54:30,171 - root - INFO - CF Training: Epoch 0179 Iter 0100 / 0182 | Time 0.0s | Iter Loss 0.0140 | Iter Mean Loss 0.0161
2023-08-31 16:54:31,408 - root - INFO - CF Training: Epoch 0179 Total Iter 0182 | Total Time 2.8s | Iter Mean Loss 0.0162
2023-08-31 16:54:32,907 - root - INFO - CF Training: Epoch 0180 Iter 0100 / 0182 | Time 0.0s | Iter Loss 0.0169 | Iter Mean Loss 0.0157
2023-08-31 16:54:34,133 - root - INFO - CF Training: Epoch 0180 Total Iter 0182 | Total Time 2.7s | Iter Mean Loss 0.0158
2023-08-31 16:54:34,326 - root - INFO - CF Evaluation: Epoch 0180 | Total Time 0.2s | Precision [0.0619, 0.0403], Recall [0.1480, 0.4720], NDCG [0.1139, 0.2168]
2023-08-31 16:54:34,328 - root - INFO - Best CF Evaluation: Epoch 0080 | Precision [0.0692, 0.0454], Recall [0.1669, 0.5336], NDCG [0.1277, 0.2448]
